<?xml version="1.0" encoding="UTF-8"?>
<!-- Generated by org.testng.reporters.JUnitXMLReporter -->
<testsuite ignored="7" hostname="CPX-6Q66GL2UREG" failures="0" tests="1" name="Default test" time="28.144" errors="0" timestamp="2020-11-26T16:07:12 EST">
  <testcase classname="Presto.Demo" name="test" time="16.663"/>
  <testcase classname="Presto.Demo" name="zoomOut" time="0.0">
    <ignored/>
  </testcase> <!-- zoomOut -->
  <testcase classname="Presto.Demo" name="zoomIn" time="0.0">
    <ignored/>
  </testcase> <!-- zoomIn -->
  <testcase classname="Presto.Demo" name="selectPopupMenu" time="0.0">
    <ignored/>
  </testcase> <!-- selectPopupMenu -->
  <testcase classname="Presto.Demo" name="zoomInByCoord" time="0.0">
    <ignored/>
  </testcase> <!-- zoomInByCoord -->
  <testcase classname="Presto.Demo" name="dragObject" time="0.0">
    <ignored/>
  </testcase> <!-- dragObject -->
  <testcase classname="Presto.Demo" name="rightClick" time="0.0">
    <ignored/>
  </testcase> <!-- rightClick -->
  <testcase classname="Presto.Demo" name="wheelScroll" time="0.0">
    <ignored/>
  </testcase> <!-- wheelScroll -->
</testsuite> <!-- Default test -->
